<?xml version="1.0" encoding="UTF-8"?>
<!-- Generated by org.testng.reporters.JUnitReportReporter -->
<testsuite hostname="Hani-PC" failures="0" tests="2" name="com.automation.testcases.TC_002_ValidateCreateAccount" time="66.664" errors="0" timestamp="2021-03-30T06:47:29 IST" skipped="0">
  <testcase classname="com.automation.testcases.TC_002_ValidateCreateAccount" name="tc_002_create_account" time="35.298"/>
  <system-out/>
  <testcase classname="com.automation.testcases.TC_002_ValidateCreateAccount" name="tc_002_create_account" time="31.366"/>
  <system-out/>
</testsuite> <!-- com.automation.testcases.TC_002_ValidateCreateAccount -->
