<?xml version="1.0" encoding="UTF-8"?>
<!-- Generated by org.testng.reporters.JUnitReportReporter -->
<testsuite hostname="Hani-PC" failures="0" tests="3" name="com.automation.testcases.TC_001_ValidateLoginFunctionality" time="169.232" errors="0" timestamp="2021-03-30T06:45:45 IST" skipped="0">
  <testcase classname="com.automation.testcases.TC_001_ValidateLoginFunctionality" name="tc_001_login_functionality" time="36.720"/>
  <system-out/>
  <testcase classname="com.automation.testcases.TC_001_ValidateLoginFunctionality" name="tc_001_login_functionality" time="90.200"/>
  <system-out/>
  <testcase classname="com.automation.testcases.TC_001_ValidateLoginFunctionality" name="tc_001_login_functionality" time="42.312"/>
  <system-out/>
</testsuite> <!-- com.automation.testcases.TC_001_ValidateLoginFunctionality -->
